#! /c/Source/iverilog-install/bin/vvp
:ivl_version "12.0 (devel)" "(s20150603-1110-g18392a46)";
:ivl_delay_selection "TYPICAL";
:vpi_time_precision + 0;
:vpi_module "D:\app\iverilog\lib\ivl\system.vpi";
:vpi_module "D:\app\iverilog\lib\ivl\vhdl_sys.vpi";
:vpi_module "D:\app\iverilog\lib\ivl\vhdl_textio.vpi";
:vpi_module "D:\app\iverilog\lib\ivl\v2005_math.vpi";
:vpi_module "D:\app\iverilog\lib\ivl\va_math.vpi";
S_000001d8a1435060 .scope module, "pdu" "pdu" 2 1;
 .timescale 0 0;
    .port_info 0 /INPUT 1 "clk";
    .port_info 1 /INPUT 1 "rstn";
    .port_info 2 /INPUT 1 "step";
    .port_info 3 /INPUT 1 "cont";
    .port_info 4 /INPUT 1 "chk";
    .port_info 5 /INPUT 1 "data";
    .port_info 6 /INPUT 1 "del";
    .port_info 7 /INPUT 16 "x";
    .port_info 8 /OUTPUT 1 "stop";
    .port_info 9 /OUTPUT 16 "led";
    .port_info 10 /OUTPUT 8 "an";
    .port_info 11 /OUTPUT 7 "seg";
    .port_info 12 /OUTPUT 3 "seg_sel";
    .port_info 13 /OUTPUT 1 "clk_cpu";
    .port_info 14 /OUTPUT 1 "rst_cpu";
    .port_info 15 /INPUT 8 "io_addr";
    .port_info 16 /INPUT 32 "io_dout";
    .port_info 17 /INPUT 1 "io_we";
    .port_info 18 /INPUT 1 "io_rd";
    .port_info 19 /OUTPUT 32 "io_din";
    .port_info 20 /INPUT 32 "pc";
    .port_info 21 /OUTPUT 16 "chk_addr";
    .port_info 22 /INPUT 32 "chk_data";
P_000001d8a15aee70 .param/l "RUN" 0 2 171, C4<10>;
P_000001d8a15aeea8 .param/l "STEP" 0 2 171, C4<01>;
P_000001d8a15aeee0 .param/l "STOP" 0 2 171, C4<00>;
L_000001d8a146a760 .functor BUFZ 1, L_000001d8a14d8cb0, C4<0>, C4<0>, C4<0>;
L_000001d8a1469c70 .functor AND 1, L_000001d8a14d8df0, v000001d8a14d7c70_0, C4<1>, C4<1>;
L_000001d8a146a8b0 .functor BUFZ 1, v000001d8a14d7d10_0, C4<0>, C4<0>, C4<0>;
L_000001d8a146aa00 .functor BUFZ 8, v000001d8a1433480_0, C4<00000000>, C4<00000000>, C4<00000000>;
L_000001d8a1469ff0 .functor BUFZ 7, v000001d8a14d9110_0, C4<0000000>, C4<0000000>, C4<0000000>;
L_000001d8a146a060 .functor BUFZ 3, v000001d8a14d7ef0_0, C4<000>, C4<000>, C4<000>;
L_000001d8a146a0d0 .functor BUFZ 32, v000001d8a14d9070_0, C4<00000000000000000000000000000000>, C4<00000000000000000000000000000000>, C4<00000000000000000000000000000000>;
L_000001d8a146a300 .functor NOT 1, v000001d8a14d8b70_0, C4<0>, C4<0>, C4<0>;
L_000001d8a1469dc0 .functor AND 1, v000001d8a14d8c10_0, L_000001d8a146a300, C4<1>, C4<1>;
L_000001d8a1469f80 .functor NOT 1, L_000001d8a14d9e10, C4<0>, C4<0>, C4<0>;
L_000001d8a1469e30 .functor AND 1, L_000001d8a14d9d70, L_000001d8a1469f80, C4<1>, C4<1>;
L_000001d8a14dbb70 .functor NOT 1, L_000001d8a14dabd0, C4<0>, C4<0>, C4<0>;
L_000001d8a14dc0b0 .functor AND 1, L_000001d8a14da950, L_000001d8a14dbb70, C4<1>, C4<1>;
L_000001d8a14dbbe0 .functor NOT 1, L_000001d8a14dac70, C4<0>, C4<0>, C4<0>;
L_000001d8a14dc120 .functor AND 1, L_000001d8a14da9f0, L_000001d8a14dbbe0, C4<1>, C4<1>;
L_000001d8a14dc200 .functor NOT 1, L_000001d8a14d9eb0, C4<0>, C4<0>, C4<0>;
L_000001d8a14dc2e0 .functor AND 1, L_000001d8a14dab30, L_000001d8a14dc200, C4<1>, C4<1>;
L_000001d8a14dbfd0 .functor NOT 1, L_000001d8a14da810, C4<0>, C4<0>, C4<0>;
L_000001d8a14dc190 .functor AND 1, L_000001d8a14db030, L_000001d8a14dbfd0, C4<1>, C4<1>;
v000001d8a1433660_0 .net *"_ivl_24", 0 0, L_000001d8a146a300;  1 drivers
v000001d8a1432da0_0 .net *"_ivl_31", 0 0, L_000001d8a14d9d70;  1 drivers
v000001d8a1432f80_0 .net *"_ivl_33", 0 0, L_000001d8a14d9e10;  1 drivers
v000001d8a14344c0_0 .net *"_ivl_34", 0 0, L_000001d8a1469f80;  1 drivers
v000001d8a1433de0_0 .net *"_ivl_39", 0 0, L_000001d8a14da950;  1 drivers
v000001d8a1434880_0 .net *"_ivl_41", 0 0, L_000001d8a14dabd0;  1 drivers
v000001d8a1433e80_0 .net *"_ivl_42", 0 0, L_000001d8a14dbb70;  1 drivers
v000001d8a1434420_0 .net *"_ivl_47", 0 0, L_000001d8a14da9f0;  1 drivers
v000001d8a14341a0_0 .net *"_ivl_49", 0 0, L_000001d8a14dac70;  1 drivers
v000001d8a14330c0_0 .net *"_ivl_50", 0 0, L_000001d8a14dbbe0;  1 drivers
v000001d8a1433f20_0 .net *"_ivl_55", 0 0, L_000001d8a14dab30;  1 drivers
v000001d8a1433ca0_0 .net *"_ivl_57", 0 0, L_000001d8a14d9eb0;  1 drivers
v000001d8a1433200_0 .net *"_ivl_58", 0 0, L_000001d8a14dc200;  1 drivers
v000001d8a1433020_0 .net *"_ivl_63", 0 0, L_000001d8a14db030;  1 drivers
v000001d8a1434380_0 .net *"_ivl_65", 0 0, L_000001d8a14da810;  1 drivers
v000001d8a1433840_0 .net *"_ivl_66", 0 0, L_000001d8a14dbfd0;  1 drivers
v000001d8a1433340_0 .net "an", 7 0, L_000001d8a146aa00;  1 drivers
v000001d8a1433480_0 .var "an_t", 7 0;
v000001d8a1432b20_0 .var "brk_addr_r", 31 0;
v000001d8a14338e0_0 .net "btn", 4 0, L_000001d8a14daa90;  1 drivers
v000001d8a1433a20_0 .var "btn_db_1r", 4 0;
v000001d8a1433ac0_0 .var "btn_db_r", 4 0;
o000001d8a1483898 .functor BUFZ 1, C4<z>; HiZ drive
v000001d8a1433b60_0 .net "chk", 0 0, o000001d8a1483898;  0 drivers
v000001d8a1434560_0 .net "chk_addr", 15 0, v000001d8a1434600_0;  1 drivers
v000001d8a1434600_0 .var "chk_addr_r", 15 0;
o000001d8a1483928 .functor BUFZ 32, C4<zzzzzzzzzzzzzzzzzzzzzzzzzzzzzzzz>; HiZ drive
v000001d8a1433c00_0 .net "chk_data", 31 0, o000001d8a1483928;  0 drivers
v000001d8a1432bc0_0 .net "chk_p", 0 0, L_000001d8a14dc120;  1 drivers
o000001d8a1483988 .functor BUFZ 1, C4<z>; HiZ drive
v000001d8a1433d40_0 .net "clk", 0 0, o000001d8a1483988;  0 drivers
v000001d8a1433fc0_0 .net "clk_cpu", 0 0, L_000001d8a1469c70;  1 drivers
v000001d8a1434060_0 .net "clk_db", 0 0, L_000001d8a14d8e90;  1 drivers
v000001d8a1434100_0 .net "clk_pdu", 0 0, L_000001d8a14d8df0;  1 drivers
v000001d8a1434240_0 .var "cnt_btn_db_r", 4 0;
v000001d8a14342e0_0 .var "cnt_clk_r", 19 0;
v000001d8a14d7310_0 .var "cnt_data_r", 31 0;
v000001d8a14d7f90_0 .var "cnt_sw_db_r", 4 0;
o000001d8a1483b08 .functor BUFZ 1, C4<z>; HiZ drive
v000001d8a14d8ad0_0 .net "cont", 0 0, o000001d8a1483b08;  0 drivers
v000001d8a14d7db0_0 .net "cont_p", 0 0, L_000001d8a14dc0b0;  1 drivers
v000001d8a14d8530_0 .var "cs", 1 0;
o000001d8a1483b98 .functor BUFZ 1, C4<z>; HiZ drive
v000001d8a14d7270_0 .net "data", 0 0, o000001d8a1483b98;  0 drivers
v000001d8a14d76d0_0 .net "data_p", 0 0, L_000001d8a14dc2e0;  1 drivers
o000001d8a1483bf8 .functor BUFZ 1, C4<z>; HiZ drive
v000001d8a14d7810_0 .net "del", 0 0, o000001d8a1483bf8;  0 drivers
v000001d8a14d80d0_0 .net "del_p", 0 0, L_000001d8a14dc190;  1 drivers
v000001d8a14d8850_0 .var "disp_data_t", 31 0;
v000001d8a14d79f0_0 .var "hd_t", 3 0;
o000001d8a1483cb8 .functor BUFZ 8, C4<zzzzzzzz>; HiZ drive
v000001d8a14d73b0_0 .net "io_addr", 7 0, o000001d8a1483cb8;  0 drivers
v000001d8a14d7a90_0 .net "io_din", 31 0, L_000001d8a146a0d0;  1 drivers
v000001d8a14d9070_0 .var "io_din_t", 31 0;
o000001d8a1483d48 .functor BUFZ 32, C4<zzzzzzzzzzzzzzzzzzzzzzzzzzzzzzzz>; HiZ drive
v000001d8a14d8350_0 .net "io_dout", 31 0, o000001d8a1483d48;  0 drivers
o000001d8a1483d78 .functor BUFZ 1, C4<z>; HiZ drive
v000001d8a14d8670_0 .net "io_rd", 0 0, o000001d8a1483d78;  0 drivers
o000001d8a1483da8 .functor BUFZ 1, C4<z>; HiZ drive
v000001d8a14d7450_0 .net "io_we", 0 0, o000001d8a1483da8;  0 drivers
v000001d8a14d7b30_0 .net "led", 15 0, L_000001d8a14da310;  1 drivers
v000001d8a14d78b0_0 .var "led_data_r", 15 0;
v000001d8a14d8fd0_0 .var "led_sel_r", 0 0;
v000001d8a14d7bd0_0 .var "ns", 1 0;
o000001d8a1483e98 .functor BUFZ 32, C4<zzzzzzzzzzzzzzzzzzzzzzzzzzzzzzzz>; HiZ drive
v000001d8a14d74f0_0 .net "pc", 31 0, o000001d8a1483e98;  0 drivers
v000001d8a14d85d0_0 .net "rst", 0 0, L_000001d8a14d8cb0;  1 drivers
v000001d8a14d7590_0 .net "rst_cpu", 0 0, L_000001d8a146a760;  1 drivers
o000001d8a1483f28 .functor BUFZ 1, C4<z>; HiZ drive
v000001d8a14d7e50_0 .net "rstn", 0 0, o000001d8a1483f28;  0 drivers
v000001d8a14d7630_0 .var "rstn_r", 15 0;
v000001d8a14d8a30_0 .net "seg", 6 0, L_000001d8a1469ff0;  1 drivers
v000001d8a14d7770_0 .var "seg_data_r", 31 0;
v000001d8a14d7950_0 .var "seg_rdy_r", 0 0;
v000001d8a14d8d50_0 .net "seg_sel", 2 0, L_000001d8a146a060;  1 drivers
v000001d8a14d7ef0_0 .var "seg_sel_r", 2 0;
v000001d8a14d9110_0 .var "seg_t", 6 0;
o000001d8a14840a8 .functor BUFZ 1, C4<z>; HiZ drive
v000001d8a14d8710_0 .net "step", 0 0, o000001d8a14840a8;  0 drivers
v000001d8a14d8f30_0 .net "step_p", 0 0, L_000001d8a1469e30;  1 drivers
v000001d8a14d8030_0 .net "stop", 0 0, L_000001d8a146a8b0;  1 drivers
v000001d8a14d7c70_0 .var "stop_n", 0 0;
v000001d8a14d7d10_0 .var "stop_r", 0 0;
v000001d8a14d87b0_0 .var "swx_data_r", 31 0;
v000001d8a14d8490_0 .var "swx_vld_r", 0 0;
v000001d8a14d8170_0 .var "tmp_r", 31 0;
o000001d8a1484228 .functor BUFZ 16, C4<zzzzzzzzzzzzzzzz>; HiZ drive
v000001d8a14d8210_0 .net "x", 15 0, o000001d8a1484228;  0 drivers
v000001d8a14d82b0_0 .var "x_db_1r", 15 0;
v000001d8a14d83f0_0 .var "x_db_r", 15 0;
v000001d8a14d88f0_0 .var "x_hd_t", 3 0;
v000001d8a14d8990_0 .net "x_p", 0 0, L_000001d8a1469dc0;  1 drivers
v000001d8a14d8b70_0 .var "xx_1r", 0 0;
v000001d8a14d8c10_0 .var "xx_r", 0 0;
E_000001d8a147a180 .event anyedge, v000001d8a14d79f0_0;
E_000001d8a147a380 .event anyedge, v000001d8a14342e0_0, v000001d8a14d8850_0;
E_000001d8a147a580 .event anyedge, v000001d8a14d7ef0_0, v000001d8a14d7770_0, v000001d8a14d8170_0, v000001d8a1433c00_0;
E_000001d8a147b000 .event posedge, v000001d8a1434100_0;
E_000001d8a147a200 .event anyedge, v000001d8a14d83f0_0, v000001d8a14d82b0_0;
E_000001d8a147a500 .event posedge, v000001d8a1433fc0_0;
E_000001d8a147aa80/0 .event anyedge, v000001d8a14d73b0_0, v000001d8a14d8710_0, v000001d8a14d8ad0_0, v000001d8a1433b60_0;
E_000001d8a147aa80/1 .event anyedge, v000001d8a14d7270_0, v000001d8a14d7810_0, v000001d8a14d8210_0, v000001d8a14d7950_0;
E_000001d8a147aa80/2 .event anyedge, v000001d8a14d8490_0, v000001d8a14d87b0_0, v000001d8a14d7310_0;
E_000001d8a147aa80 .event/or E_000001d8a147aa80/0, E_000001d8a147aa80/1, E_000001d8a147aa80/2;
E_000001d8a147aa00 .event negedge, v000001d8a1434100_0;
E_000001d8a147a740/0 .event anyedge, v000001d8a14d8530_0, v000001d8a14d8f30_0, v000001d8a14d7db0_0, v000001d8a1432b20_0;
E_000001d8a147a740/1 .event anyedge, v000001d8a14d74f0_0;
E_000001d8a147a740 .event/or E_000001d8a147a740/0, E_000001d8a147a740/1;
E_000001d8a147aec0 .event posedge, v000001d8a1434060_0;
E_000001d8a147ad00 .event posedge, v000001d8a1433d40_0;
E_000001d8a147ad40/0 .event negedge, v000001d8a14d7e50_0;
E_000001d8a147ad40/1 .event posedge, v000001d8a1433d40_0;
E_000001d8a147ad40 .event/or E_000001d8a147ad40/0, E_000001d8a147ad40/1;
L_000001d8a14d8cb0 .part v000001d8a14d7630_0, 15, 1;
L_000001d8a14d8df0 .part v000001d8a14342e0_0, 1, 1;
L_000001d8a14d8e90 .part v000001d8a14342e0_0, 16, 1;
L_000001d8a14da310 .functor MUXZ 16, v000001d8a14d78b0_0, v000001d8a1434600_0, v000001d8a14d8fd0_0, C4<>;
LS_000001d8a14daa90_0_0 .concat [ 1 1 1 1], o000001d8a1483bf8, o000001d8a1483b98, o000001d8a1483898, o000001d8a1483b08;
LS_000001d8a14daa90_0_4 .concat [ 1 0 0 0], o000001d8a14840a8;
L_000001d8a14daa90 .concat [ 4 1 0 0], LS_000001d8a14daa90_0_0, LS_000001d8a14daa90_0_4;
L_000001d8a14d9d70 .part v000001d8a1433ac0_0, 4, 1;
L_000001d8a14d9e10 .part v000001d8a1433a20_0, 4, 1;
L_000001d8a14da950 .part v000001d8a1433ac0_0, 3, 1;
L_000001d8a14dabd0 .part v000001d8a1433a20_0, 3, 1;
L_000001d8a14da9f0 .part v000001d8a1433ac0_0, 2, 1;
L_000001d8a14dac70 .part v000001d8a1433a20_0, 2, 1;
L_000001d8a14dab30 .part v000001d8a1433ac0_0, 1, 1;
L_000001d8a14d9eb0 .part v000001d8a1433a20_0, 1, 1;
L_000001d8a14db030 .part v000001d8a1433ac0_0, 0, 1;
L_000001d8a14da810 .part v000001d8a1433a20_0, 0, 1;
    .scope S_000001d8a1435060;
T_0 ;
    %wait E_000001d8a147ad40;
    %load/vec4 v000001d8a14d7e50_0;
    %nor/r;
    %flag_set/vec4 8;
    %jmp/0xz  T_0.0, 8;
    %pushi/vec4 65535, 0, 16;
    %assign/vec4 v000001d8a14d7630_0, 0;
    %jmp T_0.1;
T_0.0 ;
    %load/vec4 v000001d8a14d7630_0;
    %parti/s 15, 0, 2;
    %concati/vec4 0, 0, 1;
    %assign/vec4 v000001d8a14d7630_0, 0;
T_0.1 ;
    %jmp T_0;
    .thread T_0;
    .scope S_000001d8a1435060;
T_1 ;
    %wait E_000001d8a147ad00;
    %load/vec4 v000001d8a14d85d0_0;
    %flag_set/vec4 8;
    %jmp/0xz  T_1.0, 8;
    %pushi/vec4 0, 0, 20;
    %assign/vec4 v000001d8a14342e0_0, 0;
    %jmp T_1.1;
T_1.0 ;
    %load/vec4 v000001d8a14342e0_0;
    %addi 1, 0, 20;
    %assign/vec4 v000001d8a14342e0_0, 0;
T_1.1 ;
    %jmp T_1;
    .thread T_1;
    .scope S_000001d8a1435060;
T_2 ;
    %wait E_000001d8a147aec0;
    %load/vec4 v000001d8a14d85d0_0;
    %flag_set/vec4 8;
    %jmp/0xz  T_2.0, 8;
    %pushi/vec4 0, 0, 5;
    %assign/vec4 v000001d8a14d7f90_0, 0;
    %jmp T_2.1;
T_2.0 ;
    %load/vec4 v000001d8a14d8210_0;
    %load/vec4 v000001d8a14d83f0_0;
    %xor;
    %or/r;
    %flag_set/vec4 8;
    %jmp/0xz  T_2.2, 8;
    %load/vec4 v000001d8a14d7f90_0;
    %addi 1, 0, 5;
    %assign/vec4 v000001d8a14d7f90_0, 0;
    %jmp T_2.3;
T_2.2 ;
    %pushi/vec4 0, 0, 5;
    %assign/vec4 v000001d8a14d7f90_0, 0;
T_2.3 ;
T_2.1 ;
    %jmp T_2;
    .thread T_2;
    .scope S_000001d8a1435060;
T_3 ;
    %wait E_000001d8a147aec0;
    %load/vec4 v000001d8a14d85d0_0;
    %flag_set/vec4 8;
    %jmp/0xz  T_3.0, 8;
    %load/vec4 v000001d8a14d8210_0;
    %assign/vec4 v000001d8a14d83f0_0, 0;
    %load/vec4 v000001d8a14d8210_0;
    %assign/vec4 v000001d8a14d82b0_0, 0;
    %pushi/vec4 0, 0, 1;
    %assign/vec4 v000001d8a14d8c10_0, 0;
    %jmp T_3.1;
T_3.0 ;
    %load/vec4 v000001d8a14d7f90_0;
    %parti/s 1, 4, 4;
    %flag_set/vec4 8;
    %jmp/0xz  T_3.2, 8;
    %load/vec4 v000001d8a14d8210_0;
    %assign/vec4 v000001d8a14d83f0_0, 0;
    %load/vec4 v000001d8a14d83f0_0;
    %assign/vec4 v000001d8a14d82b0_0, 0;
    %load/vec4 v000001d8a14d8c10_0;
    %inv;
    %assign/vec4 v000001d8a14d8c10_0, 0;
T_3.2 ;
T_3.1 ;
    %jmp T_3;
    .thread T_3;
    .scope S_000001d8a1435060;
T_4 ;
    %wait E_000001d8a147b000;
    %load/vec4 v000001d8a14d85d0_0;
    %flag_set/vec4 8;
    %jmp/0xz  T_4.0, 8;
    %pushi/vec4 0, 0, 1;
    %assign/vec4 v000001d8a14d8b70_0, 0;
    %jmp T_4.1;
T_4.0 ;
    %load/vec4 v000001d8a14d8c10_0;
    %assign/vec4 v000001d8a14d8b70_0, 0;
T_4.1 ;
    %jmp T_4;
    .thread T_4;
    .scope S_000001d8a1435060;
T_5 ;
    %wait E_000001d8a147aec0;
    %load/vec4 v000001d8a14d85d0_0;
    %flag_set/vec4 8;
    %jmp/0xz  T_5.0, 8;
    %pushi/vec4 0, 0, 5;
    %assign/vec4 v000001d8a1434240_0, 0;
    %jmp T_5.1;
T_5.0 ;
    %load/vec4 v000001d8a14338e0_0;
    %load/vec4 v000001d8a1433ac0_0;
    %xor;
    %or/r;
    %flag_set/vec4 8;
    %jmp/0xz  T_5.2, 8;
    %load/vec4 v000001d8a1434240_0;
    %addi 1, 0, 5;
    %assign/vec4 v000001d8a1434240_0, 0;
    %jmp T_5.3;
T_5.2 ;
    %pushi/vec4 0, 0, 5;
    %assign/vec4 v000001d8a1434240_0, 0;
T_5.3 ;
T_5.1 ;
    %jmp T_5;
    .thread T_5;
    .scope S_000001d8a1435060;
T_6 ;
    %wait E_000001d8a147aec0;
    %load/vec4 v000001d8a14d85d0_0;
    %flag_set/vec4 8;
    %jmp/0xz  T_6.0, 8;
    %load/vec4 v000001d8a14338e0_0;
    %assign/vec4 v000001d8a1433ac0_0, 0;
    %jmp T_6.1;
T_6.0 ;
    %load/vec4 v000001d8a1434240_0;
    %parti/s 1, 4, 4;
    %flag_set/vec4 8;
    %jmp/0xz  T_6.2, 8;
    %load/vec4 v000001d8a14338e0_0;
    %assign/vec4 v000001d8a1433ac0_0, 0;
T_6.2 ;
T_6.1 ;
    %jmp T_6;
    .thread T_6;
    .scope S_000001d8a1435060;
T_7 ;
    %wait E_000001d8a147b000;
    %load/vec4 v000001d8a14d85d0_0;
    %flag_set/vec4 8;
    %jmp/0xz  T_7.0, 8;
    %load/vec4 v000001d8a14338e0_0;
    %assign/vec4 v000001d8a1433a20_0, 0;
    %jmp T_7.1;
T_7.0 ;
    %load/vec4 v000001d8a1433ac0_0;
    %assign/vec4 v000001d8a1433a20_0, 0;
T_7.1 ;
    %jmp T_7;
    .thread T_7;
    .scope S_000001d8a1435060;
T_8 ;
    %wait E_000001d8a147b000;
    %load/vec4 v000001d8a14d85d0_0;
    %flag_set/vec4 8;
    %jmp/0xz  T_8.0, 8;
    %pushi/vec4 0, 0, 2;
    %assign/vec4 v000001d8a14d8530_0, 0;
    %jmp T_8.1;
T_8.0 ;
    %load/vec4 v000001d8a14d7bd0_0;
    %assign/vec4 v000001d8a14d8530_0, 0;
T_8.1 ;
    %jmp T_8;
    .thread T_8;
    .scope S_000001d8a1435060;
T_9 ;
    %wait E_000001d8a147a740;
    %load/vec4 v000001d8a14d8530_0;
    %store/vec4 v000001d8a14d7bd0_0, 0, 2;
    %load/vec4 v000001d8a14d8530_0;
    %dup/vec4;
    %pushi/vec4 0, 0, 2;
    %cmp/u;
    %jmp/1 T_9.0, 6;
    %dup/vec4;
    %pushi/vec4 1, 0, 2;
    %cmp/u;
    %jmp/1 T_9.1, 6;
    %dup/vec4;
    %pushi/vec4 2, 0, 2;
    %cmp/u;
    %jmp/1 T_9.2, 6;
    %pushi/vec4 0, 0, 2;
    %store/vec4 v000001d8a14d7bd0_0, 0, 2;
    %jmp T_9.4;
T_9.0 ;
    %load/vec4 v000001d8a14d8f30_0;
    %flag_set/vec4 8;
    %jmp/0xz  T_9.5, 8;
    %pushi/vec4 1, 0, 2;
    %store/vec4 v000001d8a14d7bd0_0, 0, 2;
    %jmp T_9.6;
T_9.5 ;
    %load/vec4 v000001d8a14d7db0_0;
    %flag_set/vec4 8;
    %jmp/0xz  T_9.7, 8;
    %pushi/vec4 2, 0, 2;
    %store/vec4 v000001d8a14d7bd0_0, 0, 2;
T_9.7 ;
T_9.6 ;
    %jmp T_9.4;
T_9.1 ;
    %pushi/vec4 0, 0, 2;
    %store/vec4 v000001d8a14d7bd0_0, 0, 2;
    %jmp T_9.4;
T_9.2 ;
    %load/vec4 v000001d8a1432b20_0;
    %load/vec4 v000001d8a14d74f0_0;
    %cmp/e;
    %jmp/0xz  T_9.9, 4;
    %pushi/vec4 0, 0, 2;
    %store/vec4 v000001d8a14d7bd0_0, 0, 2;
T_9.9 ;
    %jmp T_9.4;
T_9.4 ;
    %pop/vec4 1;
    %jmp T_9;
    .thread T_9, $push;
    .scope S_000001d8a1435060;
T_10 ;
    %wait E_000001d8a147b000;
    %load/vec4 v000001d8a14d85d0_0;
    %flag_set/vec4 8;
    %jmp/0xz  T_10.0, 8;
    %pushi/vec4 1, 0, 1;
    %assign/vec4 v000001d8a14d7d10_0, 0;
    %jmp T_10.1;
T_10.0 ;
    %load/vec4 v000001d8a14d7bd0_0;
    %cmpi/e 0, 0, 2;
    %jmp/0xz  T_10.2, 4;
    %pushi/vec4 1, 0, 1;
    %assign/vec4 v000001d8a14d7d10_0, 0;
    %jmp T_10.3;
T_10.2 ;
    %pushi/vec4 0, 0, 1;
    %assign/vec4 v000001d8a14d7d10_0, 0;
T_10.3 ;
T_10.1 ;
    %jmp T_10;
    .thread T_10;
    .scope S_000001d8a1435060;
T_11 ;
    %wait E_000001d8a147aa00;
    %load/vec4 v000001d8a14d85d0_0;
    %flag_set/vec4 8;
    %jmp/0xz  T_11.0, 8;
    %pushi/vec4 1, 0, 1;
    %assign/vec4 v000001d8a14d7c70_0, 0;
    %jmp T_11.1;
T_11.0 ;
    %load/vec4 v000001d8a14d7d10_0;
    %assign/vec4 v000001d8a14d7c70_0, 0;
T_11.1 ;
    %jmp T_11;
    .thread T_11;
    .scope S_000001d8a1435060;
T_12 ;
    %wait E_000001d8a147b000;
    %load/vec4 v000001d8a14d85d0_0;
    %flag_set/vec4 8;
    %jmp/0xz  T_12.0, 8;
    %pushi/vec4 65535, 0, 16;
    %assign/vec4 v000001d8a14d78b0_0, 0;
    %pushi/vec4 305419896, 0, 32;
    %assign/vec4 v000001d8a14d7770_0, 0;
    %jmp T_12.1;
T_12.0 ;
    %load/vec4 v000001d8a14d7450_0;
    %flag_set/vec4 8;
    %jmp/0xz  T_12.2, 8;
    %load/vec4 v000001d8a14d73b0_0;
    %dup/vec4;
    %pushi/vec4 0, 0, 8;
    %cmp/u;
    %jmp/1 T_12.4, 6;
    %dup/vec4;
    %pushi/vec4 12, 0, 8;
    %cmp/u;
    %jmp/1 T_12.5, 6;
    %jmp T_12.7;
T_12.4 ;
    %load/vec4 v000001d8a14d8350_0;
    %pad/u 16;
    %assign/vec4 v000001d8a14d78b0_0, 0;
    %jmp T_12.7;
T_12.5 ;
    %load/vec4 v000001d8a14d8350_0;
    %assign/vec4 v000001d8a14d7770_0, 0;
    %jmp T_12.7;
T_12.7 ;
    %pop/vec4 1;
T_12.2 ;
T_12.1 ;
    %jmp T_12;
    .thread T_12;
    .scope S_000001d8a1435060;
T_13 ;
    %wait E_000001d8a147b000;
    %load/vec4 v000001d8a14d85d0_0;
    %flag_set/vec4 8;
    %jmp/0xz  T_13.0, 8;
    %pushi/vec4 1, 0, 1;
    %assign/vec4 v000001d8a14d7950_0, 0;
    %jmp T_13.1;
T_13.0 ;
    %load/vec4 v000001d8a14d7450_0;
    %load/vec4 v000001d8a14d73b0_0;
    %pushi/vec4 12, 0, 8;
    %cmp/e;
    %flag_get/vec4 4;
    %and;
    %flag_set/vec4 8;
    %jmp/0xz  T_13.2, 8;
    %pushi/vec4 0, 0, 1;
    %assign/vec4 v000001d8a14d7950_0, 0;
    %jmp T_13.3;
T_13.2 ;
    %load/vec4 v000001d8a14d8990_0;
    %load/vec4 v000001d8a14d80d0_0;
    %or;
    %flag_set/vec4 8;
    %jmp/0xz  T_13.4, 8;
    %pushi/vec4 1, 0, 1;
    %assign/vec4 v000001d8a14d7950_0, 0;
T_13.4 ;
T_13.3 ;
T_13.1 ;
    %jmp T_13;
    .thread T_13;
    .scope S_000001d8a1435060;
T_14 ;
    %wait E_000001d8a147aa80;
    %load/vec4 v000001d8a14d73b0_0;
    %dup/vec4;
    %pushi/vec4 4, 0, 8;
    %cmp/u;
    %jmp/1 T_14.0, 6;
    %dup/vec4;
    %pushi/vec4 8, 0, 8;
    %cmp/u;
    %jmp/1 T_14.1, 6;
    %dup/vec4;
    %pushi/vec4 16, 0, 8;
    %cmp/u;
    %jmp/1 T_14.2, 6;
    %dup/vec4;
    %pushi/vec4 20, 0, 8;
    %cmp/u;
    %jmp/1 T_14.3, 6;
    %dup/vec4;
    %pushi/vec4 24, 0, 8;
    %cmp/u;
    %jmp/1 T_14.4, 6;
    %pushi/vec4 0, 0, 32;
    %store/vec4 v000001d8a14d9070_0, 0, 32;
    %jmp T_14.6;
T_14.0 ;
    %pushi/vec4 0, 0, 11;
    %load/vec4 v000001d8a14d8710_0;
    %concat/vec4; draw_concat_vec4
    %load/vec4 v000001d8a14d8ad0_0;
    %concat/vec4; draw_concat_vec4
    %load/vec4 v000001d8a1433b60_0;
    %concat/vec4; draw_concat_vec4
    %load/vec4 v000001d8a14d7270_0;
    %concat/vec4; draw_concat_vec4
    %load/vec4 v000001d8a14d7810_0;
    %concat/vec4; draw_concat_vec4
    %load/vec4 v000001d8a14d8210_0;
    %concat/vec4; draw_concat_vec4
    %store/vec4 v000001d8a14d9070_0, 0, 32;
    %jmp T_14.6;
T_14.1 ;
    %pushi/vec4 0, 0, 31;
    %load/vec4 v000001d8a14d7950_0;
    %concat/vec4; draw_concat_vec4
    %store/vec4 v000001d8a14d9070_0, 0, 32;
    %jmp T_14.6;
T_14.2 ;
    %pushi/vec4 0, 0, 31;
    %load/vec4 v000001d8a14d8490_0;
    %concat/vec4; draw_concat_vec4
    %store/vec4 v000001d8a14d9070_0, 0, 32;
    %jmp T_14.6;
T_14.3 ;
    %load/vec4 v000001d8a14d87b0_0;
    %store/vec4 v000001d8a14d9070_0, 0, 32;
    %jmp T_14.6;
T_14.4 ;
    %load/vec4 v000001d8a14d7310_0;
    %store/vec4 v000001d8a14d9070_0, 0, 32;
    %jmp T_14.6;
T_14.6 ;
    %pop/vec4 1;
    %jmp T_14;
    .thread T_14, $push;
    .scope S_000001d8a1435060;
T_15 ;
    %wait E_000001d8a147b000;
    %load/vec4 v000001d8a14d85d0_0;
    %flag_set/vec4 8;
    %jmp/0xz  T_15.0, 8;
    %pushi/vec4 0, 0, 1;
    %assign/vec4 v000001d8a14d8490_0, 0;
    %jmp T_15.1;
T_15.0 ;
    %load/vec4 v000001d8a14d76d0_0;
    %load/vec4 v000001d8a14d8490_0;
    %inv;
    %and;
    %flag_set/vec4 8;
    %jmp/0xz  T_15.2, 8;
    %pushi/vec4 1, 0, 1;
    %assign/vec4 v000001d8a14d8490_0, 0;
    %jmp T_15.3;
T_15.2 ;
    %load/vec4 v000001d8a14d8670_0;
    %load/vec4 v000001d8a14d73b0_0;
    %pushi/vec4 20, 0, 8;
    %cmp/e;
    %flag_get/vec4 4;
    %and;
    %flag_set/vec4 8;
    %jmp/0xz  T_15.4, 8;
    %pushi/vec4 0, 0, 1;
    %assign/vec4 v000001d8a14d8490_0, 0;
T_15.4 ;
T_15.3 ;
T_15.1 ;
    %jmp T_15;
    .thread T_15;
    .scope S_000001d8a1435060;
T_16 ;
    %wait E_000001d8a147a500;
    %load/vec4 v000001d8a14d85d0_0;
    %flag_set/vec4 8;
    %jmp/0xz  T_16.0, 8;
    %pushi/vec4 0, 0, 32;
    %assign/vec4 v000001d8a14d7310_0, 0;
    %jmp T_16.1;
T_16.0 ;
    %load/vec4 v000001d8a14d7310_0;
    %addi 1, 0, 32;
    %assign/vec4 v000001d8a14d7310_0, 0;
T_16.1 ;
    %jmp T_16;
    .thread T_16;
    .scope S_000001d8a1435060;
T_17 ;
    %wait E_000001d8a147a200;
    %load/vec4 v000001d8a14d83f0_0;
    %load/vec4 v000001d8a14d82b0_0;
    %xor;
    %dup/vec4;
    %pushi/vec4 1, 0, 16;
    %cmp/u;
    %jmp/1 T_17.0, 6;
    %dup/vec4;
    %pushi/vec4 2, 0, 16;
    %cmp/u;
    %jmp/1 T_17.1, 6;
    %dup/vec4;
    %pushi/vec4 4, 0, 16;
    %cmp/u;
    %jmp/1 T_17.2, 6;
    %dup/vec4;
    %pushi/vec4 8, 0, 16;
    %cmp/u;
    %jmp/1 T_17.3, 6;
    %dup/vec4;
    %pushi/vec4 16, 0, 16;
    %cmp/u;
    %jmp/1 T_17.4, 6;
    %dup/vec4;
    %pushi/vec4 32, 0, 16;
    %cmp/u;
    %jmp/1 T_17.5, 6;
    %dup/vec4;
    %pushi/vec4 64, 0, 16;
    %cmp/u;
    %jmp/1 T_17.6, 6;
    %dup/vec4;
    %pushi/vec4 128, 0, 16;
    %cmp/u;
    %jmp/1 T_17.7, 6;
    %dup/vec4;
    %pushi/vec4 256, 0, 16;
    %cmp/u;
    %jmp/1 T_17.8, 6;
    %dup/vec4;
    %pushi/vec4 512, 0, 16;
    %cmp/u;
    %jmp/1 T_17.9, 6;
    %dup/vec4;
    %pushi/vec4 1024, 0, 16;
    %cmp/u;
    %jmp/1 T_17.10, 6;
    %dup/vec4;
    %pushi/vec4 2048, 0, 16;
    %cmp/u;
    %jmp/1 T_17.11, 6;
    %dup/vec4;
    %pushi/vec4 4096, 0, 16;
    %cmp/u;
    %jmp/1 T_17.12, 6;
    %dup/vec4;
    %pushi/vec4 8192, 0, 16;
    %cmp/u;
    %jmp/1 T_17.13, 6;
    %dup/vec4;
    %pushi/vec4 16384, 0, 16;
    %cmp/u;
    %jmp/1 T_17.14, 6;
    %dup/vec4;
    %pushi/vec4 32768, 0, 16;
    %cmp/u;
    %jmp/1 T_17.15, 6;
    %pushi/vec4 0, 0, 4;
    %store/vec4 v000001d8a14d88f0_0, 0, 4;
    %jmp T_17.17;
T_17.0 ;
    %pushi/vec4 0, 0, 4;
    %store/vec4 v000001d8a14d88f0_0, 0, 4;
    %jmp T_17.17;
T_17.1 ;
    %pushi/vec4 1, 0, 4;
    %store/vec4 v000001d8a14d88f0_0, 0, 4;
    %jmp T_17.17;
T_17.2 ;
    %pushi/vec4 2, 0, 4;
    %store/vec4 v000001d8a14d88f0_0, 0, 4;
    %jmp T_17.17;
T_17.3 ;
    %pushi/vec4 3, 0, 4;
    %store/vec4 v000001d8a14d88f0_0, 0, 4;
    %jmp T_17.17;
T_17.4 ;
    %pushi/vec4 4, 0, 4;
    %store/vec4 v000001d8a14d88f0_0, 0, 4;
    %jmp T_17.17;
T_17.5 ;
    %pushi/vec4 5, 0, 4;
    %store/vec4 v000001d8a14d88f0_0, 0, 4;
    %jmp T_17.17;
T_17.6 ;
    %pushi/vec4 6, 0, 4;
    %store/vec4 v000001d8a14d88f0_0, 0, 4;
    %jmp T_17.17;
T_17.7 ;
    %pushi/vec4 7, 0, 4;
    %store/vec4 v000001d8a14d88f0_0, 0, 4;
    %jmp T_17.17;
T_17.8 ;
    %pushi/vec4 8, 0, 4;
    %store/vec4 v000001d8a14d88f0_0, 0, 4;
    %jmp T_17.17;
T_17.9 ;
    %pushi/vec4 9, 0, 4;
    %store/vec4 v000001d8a14d88f0_0, 0, 4;
    %jmp T_17.17;
T_17.10 ;
    %pushi/vec4 10, 0, 4;
    %store/vec4 v000001d8a14d88f0_0, 0, 4;
    %jmp T_17.17;
T_17.11 ;
    %pushi/vec4 11, 0, 4;
    %store/vec4 v000001d8a14d88f0_0, 0, 4;
    %jmp T_17.17;
T_17.12 ;
    %pushi/vec4 12, 0, 4;
    %store/vec4 v000001d8a14d88f0_0, 0, 4;
    %jmp T_17.17;
T_17.13 ;
    %pushi/vec4 13, 0, 4;
    %store/vec4 v000001d8a14d88f0_0, 0, 4;
    %jmp T_17.17;
T_17.14 ;
    %pushi/vec4 14, 0, 4;
    %store/vec4 v000001d8a14d88f0_0, 0, 4;
    %jmp T_17.17;
T_17.15 ;
    %pushi/vec4 15, 0, 4;
    %store/vec4 v000001d8a14d88f0_0, 0, 4;
    %jmp T_17.17;
T_17.17 ;
    %pop/vec4 1;
    %jmp T_17;
    .thread T_17, $push;
    .scope S_000001d8a1435060;
T_18 ;
    %wait E_000001d8a147b000;
    %load/vec4 v000001d8a14d85d0_0;
    %flag_set/vec4 8;
    %jmp/0xz  T_18.0, 8;
    %pushi/vec4 0, 0, 32;
    %assign/vec4 v000001d8a14d8170_0, 0;
    %jmp T_18.1;
T_18.0 ;
    %load/vec4 v000001d8a14d8990_0;
    %flag_set/vec4 8;
    %jmp/0xz  T_18.2, 8;
    %load/vec4 v000001d8a14d8170_0;
    %parti/s 28, 0, 2;
    %load/vec4 v000001d8a14d88f0_0;
    %concat/vec4; draw_concat_vec4
    %assign/vec4 v000001d8a14d8170_0, 0;
    %jmp T_18.3;
T_18.2 ;
    %load/vec4 v000001d8a14d80d0_0;
    %flag_set/vec4 8;
    %jmp/0xz  T_18.4, 8;
    %pushi/vec4 0, 0, 4;
    %load/vec4 v000001d8a14d8170_0;
    %parti/s 28, 4, 4;
    %concat/vec4; draw_concat_vec4
    %assign/vec4 v000001d8a14d8170_0, 0;
    %jmp T_18.5;
T_18.4 ;
    %load/vec4 v000001d8a14d7db0_0;
    %load/vec4 v000001d8a14d8030_0;
    %and;
    %load/vec4 v000001d8a14d76d0_0;
    %load/vec4 v000001d8a14d8490_0;
    %inv;
    %and;
    %or;
    %flag_set/vec4 8;
    %jmp/0xz  T_18.6, 8;
    %pushi/vec4 0, 0, 32;
    %assign/vec4 v000001d8a14d8170_0, 0;
    %jmp T_18.7;
T_18.6 ;
    %load/vec4 v000001d8a1432bc0_0;
    %load/vec4 v000001d8a14d8030_0;
    %and;
    %flag_set/vec4 8;
    %jmp/0xz  T_18.8, 8;
    %load/vec4 v000001d8a14d8170_0;
    %addi 1, 0, 32;
    %assign/vec4 v000001d8a14d8170_0, 0;
T_18.8 ;
T_18.7 ;
T_18.5 ;
T_18.3 ;
T_18.1 ;
    %jmp T_18;
    .thread T_18;
    .scope S_000001d8a1435060;
T_19 ;
    %wait E_000001d8a147b000;
    %load/vec4 v000001d8a14d85d0_0;
    %flag_set/vec4 8;
    %jmp/0xz  T_19.0, 8;
    %pushi/vec4 0, 0, 16;
    %assign/vec4 v000001d8a1434600_0, 0;
    %pushi/vec4 0, 0, 32;
    %assign/vec4 v000001d8a1432b20_0, 0;
    %jmp T_19.1;
T_19.0 ;
    %load/vec4 v000001d8a14d76d0_0;
    %load/vec4 v000001d8a14d8490_0;
    %inv;
    %and;
    %flag_set/vec4 8;
    %jmp/0xz  T_19.2, 8;
    %load/vec4 v000001d8a14d8170_0;
    %assign/vec4 v000001d8a14d87b0_0, 0;
    %jmp T_19.3;
T_19.2 ;
    %load/vec4 v000001d8a14d7db0_0;
    %load/vec4 v000001d8a14d8030_0;
    %and;
    %flag_set/vec4 8;
    %jmp/0xz  T_19.4, 8;
    %load/vec4 v000001d8a14d8170_0;
    %assign/vec4 v000001d8a1432b20_0, 0;
    %jmp T_19.5;
T_19.4 ;
    %load/vec4 v000001d8a1432bc0_0;
    %load/vec4 v000001d8a14d8030_0;
    %and;
    %flag_set/vec4 8;
    %jmp/0xz  T_19.6, 8;
    %load/vec4 v000001d8a14d8170_0;
    %pad/u 16;
    %assign/vec4 v000001d8a1434600_0, 0;
T_19.6 ;
T_19.5 ;
T_19.3 ;
T_19.1 ;
    %jmp T_19;
    .thread T_19;
    .scope S_000001d8a1435060;
T_20 ;
    %wait E_000001d8a147b000;
    %load/vec4 v000001d8a14d85d0_0;
    %flag_set/vec4 8;
    %jmp/0xz  T_20.0, 8;
    %pushi/vec4 0, 0, 1;
    %assign/vec4 v000001d8a14d8fd0_0, 0;
    %jmp T_20.1;
T_20.0 ;
    %load/vec4 v000001d8a14d7450_0;
    %load/vec4 v000001d8a14d73b0_0;
    %pushi/vec4 0, 0, 8;
    %cmp/e;
    %flag_get/vec4 4;
    %and;
    %flag_set/vec4 8;
    %jmp/0xz  T_20.2, 8;
    %pushi/vec4 0, 0, 1;
    %assign/vec4 v000001d8a14d8fd0_0, 0;
    %jmp T_20.3;
T_20.2 ;
    %load/vec4 v000001d8a1432bc0_0;
    %flag_set/vec4 8;
    %jmp/0xz  T_20.4, 8;
    %pushi/vec4 1, 0, 1;
    %assign/vec4 v000001d8a14d8fd0_0, 0;
T_20.4 ;
T_20.3 ;
T_20.1 ;
    %jmp T_20;
    .thread T_20;
    .scope S_000001d8a1435060;
T_21 ;
    %wait E_000001d8a147b000;
    %load/vec4 v000001d8a14d85d0_0;
    %flag_set/vec4 8;
    %jmp/0xz  T_21.0, 8;
    %pushi/vec4 1, 0, 3;
    %assign/vec4 v000001d8a14d7ef0_0, 0;
    %jmp T_21.1;
T_21.0 ;
    %load/vec4 v000001d8a14d7450_0;
    %load/vec4 v000001d8a14d73b0_0;
    %pushi/vec4 12, 0, 8;
    %cmp/e;
    %flag_get/vec4 4;
    %and;
    %flag_set/vec4 8;
    %jmp/0xz  T_21.2, 8;
    %pushi/vec4 1, 0, 3;
    %assign/vec4 v000001d8a14d7ef0_0, 0;
    %jmp T_21.3;
T_21.2 ;
    %load/vec4 v000001d8a14d8990_0;
    %load/vec4 v000001d8a14d80d0_0;
    %or;
    %flag_set/vec4 8;
    %jmp/0xz  T_21.4, 8;
    %pushi/vec4 2, 0, 3;
    %assign/vec4 v000001d8a14d7ef0_0, 0;
    %jmp T_21.5;
T_21.4 ;
    %load/vec4 v000001d8a1432bc0_0;
    %load/vec4 v000001d8a14d8030_0;
    %and;
    %flag_set/vec4 8;
    %jmp/0xz  T_21.6, 8;
    %pushi/vec4 4, 0, 3;
    %assign/vec4 v000001d8a14d7ef0_0, 0;
T_21.6 ;
T_21.5 ;
T_21.3 ;
T_21.1 ;
    %jmp T_21;
    .thread T_21;
    .scope S_000001d8a1435060;
T_22 ;
    %wait E_000001d8a147a580;
    %load/vec4 v000001d8a14d7ef0_0;
    %dup/vec4;
    %pushi/vec4 1, 0, 3;
    %cmp/u;
    %jmp/1 T_22.0, 6;
    %dup/vec4;
    %pushi/vec4 2, 0, 3;
    %cmp/u;
    %jmp/1 T_22.1, 6;
    %dup/vec4;
    %pushi/vec4 4, 0, 3;
    %cmp/u;
    %jmp/1 T_22.2, 6;
    %load/vec4 v000001d8a14d8170_0;
    %store/vec4 v000001d8a14d8850_0, 0, 32;
    %jmp T_22.4;
T_22.0 ;
    %load/vec4 v000001d8a14d7770_0;
    %store/vec4 v000001d8a14d8850_0, 0, 32;
    %jmp T_22.4;
T_22.1 ;
    %load/vec4 v000001d8a14d8170_0;
    %store/vec4 v000001d8a14d8850_0, 0, 32;
    %jmp T_22.4;
T_22.2 ;
    %load/vec4 v000001d8a1433c00_0;
    %store/vec4 v000001d8a14d8850_0, 0, 32;
    %jmp T_22.4;
T_22.4 ;
    %pop/vec4 1;
    %jmp T_22;
    .thread T_22, $push;
    .scope S_000001d8a1435060;
T_23 ;
    %wait E_000001d8a147a380;
    %load/vec4 v000001d8a14342e0_0;
    %parti/s 3, 17, 6;
    %dup/vec4;
    %pushi/vec4 0, 0, 3;
    %cmp/u;
    %jmp/1 T_23.0, 6;
    %dup/vec4;
    %pushi/vec4 1, 0, 3;
    %cmp/u;
    %jmp/1 T_23.1, 6;
    %dup/vec4;
    %pushi/vec4 2, 0, 3;
    %cmp/u;
    %jmp/1 T_23.2, 6;
    %dup/vec4;
    %pushi/vec4 3, 0, 3;
    %cmp/u;
    %jmp/1 T_23.3, 6;
    %dup/vec4;
    %pushi/vec4 4, 0, 3;
    %cmp/u;
    %jmp/1 T_23.4, 6;
    %dup/vec4;
    %pushi/vec4 5, 0, 3;
    %cmp/u;
    %jmp/1 T_23.5, 6;
    %dup/vec4;
    %pushi/vec4 6, 0, 3;
    %cmp/u;
    %jmp/1 T_23.6, 6;
    %dup/vec4;
    %pushi/vec4 7, 0, 3;
    %cmp/u;
    %jmp/1 T_23.7, 6;
    %jmp T_23.9;
T_23.0 ;
    %pushi/vec4 254, 0, 8;
    %assign/vec4 v000001d8a1433480_0, 0;
    %load/vec4 v000001d8a14d8850_0;
    %parti/s 4, 0, 2;
    %assign/vec4 v000001d8a14d79f0_0, 0;
    %jmp T_23.9;
T_23.1 ;
    %pushi/vec4 253, 0, 8;
    %assign/vec4 v000001d8a1433480_0, 0;
    %load/vec4 v000001d8a14d8850_0;
    %parti/s 4, 4, 4;
    %assign/vec4 v000001d8a14d79f0_0, 0;
    %jmp T_23.9;
T_23.2 ;
    %pushi/vec4 251, 0, 8;
    %assign/vec4 v000001d8a1433480_0, 0;
    %load/vec4 v000001d8a14d8850_0;
    %parti/s 4, 8, 5;
    %assign/vec4 v000001d8a14d79f0_0, 0;
    %jmp T_23.9;
T_23.3 ;
    %pushi/vec4 247, 0, 8;
    %assign/vec4 v000001d8a1433480_0, 0;
    %load/vec4 v000001d8a14d8850_0;
    %parti/s 4, 12, 5;
    %assign/vec4 v000001d8a14d79f0_0, 0;
    %jmp T_23.9;
T_23.4 ;
    %pushi/vec4 239, 0, 8;
    %assign/vec4 v000001d8a1433480_0, 0;
    %load/vec4 v000001d8a14d8850_0;
    %parti/s 4, 16, 6;
    %assign/vec4 v000001d8a14d79f0_0, 0;
    %jmp T_23.9;
T_23.5 ;
    %pushi/vec4 223, 0, 8;
    %assign/vec4 v000001d8a1433480_0, 0;
    %load/vec4 v000001d8a14d8850_0;
    %parti/s 4, 20, 6;
    %assign/vec4 v000001d8a14d79f0_0, 0;
    %jmp T_23.9;
T_23.6 ;
    %pushi/vec4 191, 0, 8;
    %assign/vec4 v000001d8a1433480_0, 0;
    %load/vec4 v000001d8a14d8850_0;
    %parti/s 4, 24, 6;
    %assign/vec4 v000001d8a14d79f0_0, 0;
    %jmp T_23.9;
T_23.7 ;
    %pushi/vec4 127, 0, 8;
    %assign/vec4 v000001d8a1433480_0, 0;
    %load/vec4 v000001d8a14d8850_0;
    %parti/s 4, 28, 6;
    %assign/vec4 v000001d8a14d79f0_0, 0;
    %jmp T_23.9;
T_23.9 ;
    %pop/vec4 1;
    %jmp T_23;
    .thread T_23, $push;
    .scope S_000001d8a1435060;
T_24 ;
    %wait E_000001d8a147a180;
    %load/vec4 v000001d8a14d79f0_0;
    %dup/vec4;
    %pushi/vec4 15, 0, 4;
    %cmp/u;
    %jmp/1 T_24.0, 6;
    %dup/vec4;
    %pushi/vec4 14, 0, 4;
    %cmp/u;
    %jmp/1 T_24.1, 6;
    %dup/vec4;
    %pushi/vec4 13, 0, 4;
    %cmp/u;
    %jmp/1 T_24.2, 6;
    %dup/vec4;
    %pushi/vec4 12, 0, 4;
    %cmp/u;
    %jmp/1 T_24.3, 6;
    %dup/vec4;
    %pushi/vec4 11, 0, 4;
    %cmp/u;
    %jmp/1 T_24.4, 6;
    %dup/vec4;
    %pushi/vec4 10, 0, 4;
    %cmp/u;
    %jmp/1 T_24.5, 6;
    %dup/vec4;
    %pushi/vec4 9, 0, 4;
    %cmp/u;
    %jmp/1 T_24.6, 6;
    %dup/vec4;
    %pushi/vec4 8, 0, 4;
    %cmp/u;
    %jmp/1 T_24.7, 6;
    %dup/vec4;
    %pushi/vec4 7, 0, 4;
    %cmp/u;
    %jmp/1 T_24.8, 6;
    %dup/vec4;
    %pushi/vec4 6, 0, 4;
    %cmp/u;
    %jmp/1 T_24.9, 6;
    %dup/vec4;
    %pushi/vec4 5, 0, 4;
    %cmp/u;
    %jmp/1 T_24.10, 6;
    %dup/vec4;
    %pushi/vec4 4, 0, 4;
    %cmp/u;
    %jmp/1 T_24.11, 6;
    %dup/vec4;
    %pushi/vec4 3, 0, 4;
    %cmp/u;
    %jmp/1 T_24.12, 6;
    %dup/vec4;
    %pushi/vec4 2, 0, 4;
    %cmp/u;
    %jmp/1 T_24.13, 6;
    %dup/vec4;
    %pushi/vec4 1, 0, 4;
    %cmp/u;
    %jmp/1 T_24.14, 6;
    %dup/vec4;
    %pushi/vec4 0, 0, 4;
    %cmp/u;
    %jmp/1 T_24.15, 6;
    %pushi/vec4 127, 0, 7;
    %store/vec4 v000001d8a14d9110_0, 0, 7;
    %jmp T_24.17;
T_24.0 ;
    %pushi/vec4 56, 0, 7;
    %store/vec4 v000001d8a14d9110_0, 0, 7;
    %jmp T_24.17;
T_24.1 ;
    %pushi/vec4 48, 0, 7;
    %store/vec4 v000001d8a14d9110_0, 0, 7;
    %jmp T_24.17;
T_24.2 ;
    %pushi/vec4 66, 0, 7;
    %store/vec4 v000001d8a14d9110_0, 0, 7;
    %jmp T_24.17;
T_24.3 ;
    %pushi/vec4 49, 0, 7;
    %store/vec4 v000001d8a14d9110_0, 0, 7;
    %jmp T_24.17;
T_24.4 ;
    %pushi/vec4 96, 0, 7;
    %store/vec4 v000001d8a14d9110_0, 0, 7;
    %jmp T_24.17;
T_24.5 ;
    %pushi/vec4 8, 0, 7;
    %store/vec4 v000001d8a14d9110_0, 0, 7;
    %jmp T_24.17;
T_24.6 ;
    %pushi/vec4 12, 0, 7;
    %store/vec4 v000001d8a14d9110_0, 0, 7;
    %jmp T_24.17;
T_24.7 ;
    %pushi/vec4 0, 0, 7;
    %store/vec4 v000001d8a14d9110_0, 0, 7;
    %jmp T_24.17;
T_24.8 ;
    %pushi/vec4 15, 0, 7;
    %store/vec4 v000001d8a14d9110_0, 0, 7;
    %jmp T_24.17;
T_24.9 ;
    %pushi/vec4 32, 0, 7;
    %store/vec4 v000001d8a14d9110_0, 0, 7;
    %jmp T_24.17;
T_24.10 ;
    %pushi/vec4 36, 0, 7;
    %store/vec4 v000001d8a14d9110_0, 0, 7;
    %jmp T_24.17;
T_24.11 ;
    %pushi/vec4 76, 0, 7;
    %store/vec4 v000001d8a14d9110_0, 0, 7;
    %jmp T_24.17;
T_24.12 ;
    %pushi/vec4 6, 0, 7;
    %store/vec4 v000001d8a14d9110_0, 0, 7;
    %jmp T_24.17;
T_24.13 ;
    %pushi/vec4 18, 0, 7;
    %store/vec4 v000001d8a14d9110_0, 0, 7;
    %jmp T_24.17;
T_24.14 ;
    %pushi/vec4 79, 0, 7;
    %store/vec4 v000001d8a14d9110_0, 0, 7;
    %jmp T_24.17;
T_24.15 ;
    %pushi/vec4 1, 0, 7;
    %store/vec4 v000001d8a14d9110_0, 0, 7;
    %jmp T_24.17;
T_24.17 ;
    %pop/vec4 1;
    %jmp T_24;
    .thread T_24, $push;
# The file index is used to find the file name in the following table.
:file_names 3;
    "N/A";
    "<interactive>";
    "pdu.v";
